<?xml version="1.0" encoding="UTF-8"?>
<!-- Generated by org.testng.reporters.JUnitReportReporter -->
<testsuite skipped="0" hostname="DESKTOP-6Q174MC" name="com.vikrant.test.framework.hybrid.tests.FirstTest" tests="4" failures="0" timestamp="2021-05-12T21:58:34 IST" time="0.014" errors="0">
  <testcase name="ctest" time="0.000" classname="com.vikrant.test.framework.hybrid.tests.FirstTest"/>
  <system-out/>
  <testcase name="atest" time="0.013" classname="com.vikrant.test.framework.hybrid.tests.FirstTest"/>
  <system-out/>
  <testcase name="btest" time="0.000" classname="com.vikrant.test.framework.hybrid.tests.FirstTest"/>
  <system-out/>
  <testcase name="btest" time="0.001" classname="com.vikrant.test.framework.hybrid.tests.FirstTest"/>
  <system-out/>
</testsuite> <!-- com.vikrant.test.framework.hybrid.tests.FirstTest -->
